11/13/2023 15:14:31 - INFO - dis_prompt: A red ball on green grass under a blue sky.
11/13/2023 15:14:31 - INFO - ori_prompt: A red ball on green grass under a blue sky.
11/13/2023 15:15:05 - INFO - dis_prompt: red ball on green grass under a blue sky.
11/13/2023 15:15:05 - INFO - ori_prompt: A red ball on green grass under a blue sky.
11/13/2023 15:15:39 - INFO - dis_prompt: A ball on green grass under a blue sky.
11/13/2023 15:15:39 - INFO - ori_prompt: A red ball on green grass under a blue sky.
11/13/2023 15:16:14 - INFO - dis_prompt: A red on green grass under a blue sky.
11/13/2023 15:16:14 - INFO - ori_prompt: A red ball on green grass under a blue sky.
11/13/2023 15:16:49 - INFO - dis_prompt: A red ball green grass under a blue sky.
11/13/2023 15:16:49 - INFO - ori_prompt: A red ball on green grass under a blue sky.
11/13/2023 15:17:24 - INFO - dis_prompt: A red ball on grass under a blue sky.
11/13/2023 15:17:24 - INFO - ori_prompt: A red ball on green grass under a blue sky.
11/13/2023 15:17:58 - INFO - dis_prompt: A red ball on green under a blue sky.
11/13/2023 15:17:58 - INFO - ori_prompt: A red ball on green grass under a blue sky.
11/13/2023 15:18:33 - INFO - dis_prompt: A red ball on green grass a blue sky.
11/13/2023 15:18:33 - INFO - ori_prompt: A red ball on green grass under a blue sky.
11/13/2023 15:19:08 - INFO - dis_prompt: A red ball on green grass under blue sky.
11/13/2023 15:19:08 - INFO - ori_prompt: A red ball on green grass under a blue sky.
11/13/2023 15:19:43 - INFO - dis_prompt: A red ball on green grass under a sky.
11/13/2023 15:19:43 - INFO - ori_prompt: A red ball on green grass under a blue sky.
11/13/2023 15:20:18 - INFO - dis_prompt: A red ball on green grass under a blue
11/13/2023 15:20:18 - INFO - ori_prompt: A red ball on green grass under a blue sky.
11/13/2023 15:20:53 - INFO - x =  ['red ball on green grass under a blue sky.', 'A ball on green grass under a blue sky.', 'A red on green grass under a blue sky.', 'A red ball green grass under a blue sky.', 'A red ball on grass under a blue sky.', 'A red ball on green under a blue sky.', 'A red ball on green grass a blue sky.', 'A red ball on green grass under blue sky.', 'A red ball on green grass under a sky.', 'A red ball on green grass under a blue']
11/13/2023 15:20:53 - INFO - y =  [0.9771378352019712, 0.5199317097881024, 0.656904796876413, 0.9649046068445954, 0.9693091943087988, 0.6709337273729445, 0.8869502147782286, 0.9825772838024105, 0.9767527859162755, 0.9811935021833178]
11/13/2023 15:20:53 - INFO - z =  [14, 4, 2, 4, 14, 6, 14, 15, 13, 14]
A red ball on green grass under a blue sky.
A 