02/20/2024 11:31:42 - INFO - ----------------------------------------------------------------------------------------------------
02/20/2024 11:31:42 - INFO - prompt: 31
02/20/2024 11:31:42 - INFO - AE: 66
02/20/2024 11:31:42 - INFO - Non_AE: 334
02/20/2024 11:31:42 - INFO - n: 400
02/20/2024 11:31:42 - INFO - lower bound: 0.7574518159039482; evaluate PR: 0.835;  epsilon: 0.07754818409605178
02/20/2024 11:31:42 - INFO - efficacy_stages: {'1': 24, '2': 4, '3': 13, '4': 6, '5': 19}
02/20/2024 11:31:42 - INFO - futility_stages: {'1': 146, '2': 159, '3': 8, '4': 16, '5': 5}
02/20/2024 11:31:42 - INFO - ----------------------------------------------------------------------------------------------------
02/20/2024 11:31:42 - INFO - efficacy_all: {'1': 24, '2': 4, '3': 13, '4': 6, '5': 19}
02/20/2024 11:31:42 - INFO - futility_all: {'1': 146, '2': 159, '3': 8, '4': 16, '5': 5}
02/20/2024 11:31:42 - INFO - e_all: {'1': [24], '2': [4], '3': [13], '4': [6], '5': [19]}
02/20/2024 11:31:42 - INFO - f_all: {'1': [146], '2': [159], '3': [8], '4': [16], '5': [5]}
02/20/2024 11:32:26 - INFO - ----------------------------------------------------------------------------------------------------
02/20/2024 11:32:26 - INFO - prompt: 31
02/20/2024 11:32:26 - INFO - AE: 69
02/20/2024 11:32:26 - INFO - Non_AE: 331
02/20/2024 11:32:26 - INFO - n: 400
02/20/2024 11:32:26 - INFO - lower bound: 0.7499518159039482; evaluate PR: 0.8275;  epsilon: 0.07754818409605178
02/20/2024 11:32:26 - INFO - efficacy_stages: {'1': 26, '2': 4, '3': 10, '4': 9, '5': 20}
02/20/2024 11:32:26 - INFO - futility_stages: {'1': 128, '2': 164, '3': 16, '4': 17, '5': 6}
02/20/2024 11:32:26 - INFO - ----------------------------------------------------------------------------------------------------
02/20/2024 11:32:26 - INFO - efficacy_all: {'1': 26, '2': 4, '3': 10, '4': 9, '5': 20}
02/20/2024 11:32:26 - INFO - futility_all: {'1': 128, '2': 164, '3': 16, '4': 17, '5': 6}
02/20/2024 11:32:26 - INFO - e_all: {'1': [26], '2': [4], '3': [10], '4': [9], '5': [20]}
02/20/2024 11:32:26 - INFO - f_all: {'1': [128], '2': [164], '3': [16], '4': [17], '5': [6]}
02/20/2024 11:33:31 - INFO - ----------------------------------------------------------------------------------------------------
02/20/2024 11:33:31 - INFO - prompt: 31
02/20/2024 11:33:31 - INFO - AE: 75
02/20/2024 11:33:31 - INFO - Non_AE: 325
02/20/2024 11:33:31 - INFO - n: 400
02/20/2024 11:33:31 - INFO - lower bound: 0.7349518159039482; evaluate PR: 0.8125;  epsilon: 0.07754818409605178
02/20/2024 11:33:31 - INFO - efficacy_stages: {'1': 26, '2': 3, '3': 17, '4': 12, '5': 17}
02/20/2024 11:33:31 - INFO - futility_stages: {'1': 126, '2': 150, '3': 21, '4': 25, '5': 3}
02/20/2024 11:33:31 - INFO - ----------------------------------------------------------------------------------------------------
02/20/2024 11:33:31 - INFO - efficacy_all: {'1': 26, '2': 3, '3': 17, '4': 12, '5': 17}
02/20/2024 11:33:31 - INFO - futility_all: {'1': 126, '2': 150, '3': 21, '4': 25, '5': 3}
02/20/2024 11:33:31 - INFO - e_all: {'1': [26], '2': [3], '3': [17], '4': [12], '5': [17]}
02/20/2024 11:33:31 - INFO - f_all: {'1': [126], '2': [150], '3': [21], '4': [25], '5': [3]}
02/20/2024 11:37:41 - INFO - ----------------------------------------------------------------------------------------------------
02/20/2024 11:37:41 - INFO - prompt: 31
02/20/2024 11:37:41 - INFO - AE: 63
02/20/2024 11:37:41 - INFO - Non_AE: 337
02/20/2024 11:37:41 - INFO - n: 400
02/20/2024 11:37:41 - INFO - lower bound: 0.7649518159039482; evaluate PR: 0.8425;  epsilon: 0.07754818409605178
02/20/2024 11:37:41 - INFO - efficacy_stages: {'1': 35, '2': 18, '3': 2, '4': 4, '5': 4}
02/20/2024 11:37:41 - INFO - futility_stages: {'1': 29, '2': 69, '3': 189, '4': 38, '5': 12}
02/20/2024 11:37:41 - INFO - ----------------------------------------------------------------------------------------------------
02/20/2024 11:37:41 - INFO - efficacy_all: {'1': 35, '2': 18, '3': 2, '4': 4, '5': 4}
02/20/2024 11:37:41 - INFO - futility_all: {'1': 29, '2': 69, '3': 189, '4': 38, '5': 12}
02/20/2024 11:37:41 - INFO - e_all: {'1': [35], '2': [18], '3': [2], '4': [4], '5': [4]}
02/20/2024 11:37:41 - INFO - f_all: {'1': [29], '2': [69], '3': [189], '4': [38], '5': [12]}
02/20/2024 11:37:51 - INFO - ----------------------------------------------------------------------------------------------------
02/20/2024 11:37:51 - INFO - prompt: 31
02/20/2024 11:37:51 - INFO - AE: 55
02/20/2024 11:37:51 - INFO - Non_AE: 345
02/20/2024 11:37:51 - INFO - n: 400
02/20/2024 11:37:51 - INFO - lower bound: 0.7849518159039482; evaluate PR: 0.8625;  epsilon: 0.07754818409605178
02/20/2024 11:37:51 - INFO - efficacy_stages: {'1': 20, '2': 29, '3': 2, '4': 4, '5': 0}
02/20/2024 11:37:51 - INFO - futility_stages: {'1': 21, '2': 80, '3': 196, '4': 40, '5': 8}
02/20/2024 11:37:51 - INFO - ----------------------------------------------------------------------------------------------------
02/20/2024 11:37:51 - INFO - efficacy_all: {'1': 20, '2': 29, '3': 2, '4': 4, '5': 0}
02/20/2024 11:37:51 - INFO - futility_all: {'1': 21, '2': 80, '3': 196, '4': 40, '5': 8}
02/20/2024 11:37:51 - INFO - e_all: {'1': [20], '2': [29], '3': [2], '4': [4], '5': [0]}
02/20/2024 11:37:51 - INFO - f_all: {'1': [21], '2': [80], '3': [196], '4': [40], '5': [8]}
02/20/2024 11:38:02 - INFO - ----------------------------------------------------------------------------------------------------
02/20/2024 11:38:02 - INFO - prompt: 31
02/20/2024 11:38:02 - INFO - AE: 56
02/20/2024 11:38:02 - INFO - Non_AE: 344
02/20/2024 11:38:02 - INFO - n: 400
02/20/2024 11:38:02 - INFO - lower bound: 0.7824518159039482; evaluate PR: 0.86;  epsilon: 0.07754818409605178
02/20/2024 11:38:02 - INFO - efficacy_stages: {'1': 20, '2': 31, '3': 2, '4': 0, '5': 3}
02/20/2024 11:38:02 - INFO - futility_stages: {'1': 16, '2': 59, '3': 216, '4': 44, '5': 9}
02/20/2024 11:38:02 - INFO - ----------------------------------------------------------------------------------------------------
02/20/2024 11:38:02 - INFO - efficacy_all: {'1': 20, '2': 31, '3': 2, '4': 0, '5': 3}
02/20/2024 11:38:02 - INFO - futility_all: {'1': 16, '2': 59, '3': 216, '4': 44, '5': 9}
02/20/2024 11:38:02 - INFO - e_all: {'1': [20], '2': [31], '3': [2], '4': [0], '5': [3]}
02/20/2024 11:38:02 - INFO - f_all: {'1': [16], '2': [59], '3': [216], '4': [44], '5': [9]}
