02/22/2024 10:58:04 - INFO - prompt: 5
02/22/2024 10:58:04 - INFO - sample size: 53
02/22/2024 10:58:04 - INFO - AE: 0
02/22/2024 10:58:04 - INFO - Non_AE: 52
02/22/2024 10:58:04 - INFO - efficacy: 0
02/22/2024 10:58:04 - INFO - futility: 52
02/22/2024 10:58:04 - INFO - efficacy_stages: {'1': 0, '2': 0, '3': 0, '4': 0, '5': 0}
02/22/2024 10:58:04 - INFO - futility_stages: {'1': 11, '2': 32, '3': 6, '4': 3, '5': 0}
02/22/2024 10:58:04 - INFO - lower bound: 0.7897296976303189; evaluate PR: 0.05194805194805195;  epsilon: 0.2102703023696811
02/22/2024 10:58:25 - INFO - prompt: 5
02/22/2024 10:58:25 - INFO - sample size: 53
02/22/2024 10:58:25 - INFO - AE: 0
02/22/2024 10:58:25 - INFO - Non_AE: 52
02/22/2024 10:58:25 - INFO - efficacy: 0
02/22/2024 10:58:25 - INFO - futility: 52
02/22/2024 10:58:25 - INFO - efficacy_stages: {'1': 0, '2': 0, '3': 0, '4': 0, '5': 0}
02/22/2024 10:58:25 - INFO - futility_stages: {'1': 11, '2': 32, '3': 6, '4': 3, '5': 0}
02/22/2024 10:58:25 - INFO - lower bound: 0.7897296976303189; evaluate PR: 0.05194805194805195;  epsilon: 0.2102703023696811
02/22/2024 10:58:25 - INFO - x,y: 0 0 
02/22/2024 10:58:25 - INFO - ----------------------------------------------------------------------------------------------------
02/22/2024 10:58:25 - INFO - efficacy_all: {'1': 0, '2': 0, '3': 0, '4': 0, '5': 0}
02/22/2024 10:58:25 - INFO - futility_all: {'1': 11, '2': 32, '3': 6, '4': 3, '5': 0}
02/22/2024 10:58:25 - INFO - e_all: {'1': [0], '2': [0], '3': [0], '4': [0], '5': [0]}
02/22/2024 10:58:25 - INFO - f_all: {'1': [11], '2': [32], '3': [6], '4': [3], '5': [0]}
